<?xml version="1.0" encoding="UTF-8"?>
<testng-results ignored="0" total="1" passed="1" failed="0" skipped="0">
  <reporter-output>
  </reporter-output>
  <suite started-at="2024-09-24T23:53:35 IST" name="Default suite" finished-at="2024-09-24T23:53:54 IST" duration-ms="19387">
    <groups>
    </groups>
    <test started-at="2024-09-24T23:53:35 IST" name="Default test" finished-at="2024-09-24T23:53:54 IST" duration-ms="19387">
      <class name="testClasses.TC_009_Practice_HandleModalPopups">
        <test-method is-config="true" signature="setup()[pri:0, instance:testClasses.TC_009_Practice_HandleModalPopups@6743e411]" started-at="2024-09-24T23:53:35 IST" name="setup" finished-at="2024-09-24T23:53:41 IST" duration-ms="5845" status="PASS">
          <reporter-output>
          </reporter-output>
        </test-method> <!-- setup -->
        <test-method signature="TC_009_HandleModalPopups()[pri:0, instance:testClasses.TC_009_Practice_HandleModalPopups@6743e411]" started-at="2024-09-24T23:53:41 IST" name="TC_009_HandleModalPopups" finished-at="2024-09-24T23:53:54 IST" duration-ms="13195" status="PASS">
          <reporter-output>
          </reporter-output>
        </test-method> <!-- TC_009_HandleModalPopups -->
        <test-method is-config="true" signature="tearDown()[pri:0, instance:testClasses.TC_009_Practice_HandleModalPopups@6743e411]" started-at="2024-09-24T23:53:54 IST" name="tearDown" finished-at="2024-09-24T23:53:54 IST" duration-ms="290" status="PASS">
          <reporter-output>
          </reporter-output>
        </test-method> <!-- tearDown -->
      </class> <!-- testClasses.TC_009_Practice_HandleModalPopups -->
    </test> <!-- Default test -->
  </suite> <!-- Default suite -->
</testng-results>
